{
  "RSpec": {
    "coverage": {
      "/home/sohaib/rails/Project/app/models/feature.rb": {
        "lines": [
          null,
          null,
          1,
          1,
          1,
          1,
          1,
          1,
          null
        ]
      },
      "/home/sohaib/rails/Project/app/models/concerns/validatable.rb": {
        "lines": [
          null,
          null,
          1,
          1,
          1,
          1,
          1,
          1,
          null,
          null
        ]
      },
      "/home/sohaib/rails/Project/spec/models/feature_use_spec.rb": {
        "lines": [
          null,
          null,
          1,
          1,
          1,
          null,
          1,
          6,
          6,
          6,
          null,
          1,
          2,
          null,
          2,
          null,
          2,
          null,
          null,
          1,
          2,
          null,
          2,
          null,
          null
        ]
      },
      "/home/sohaib/rails/Project/app/models/feature_use.rb": {
        "lines": [
          null,
          null,
          1,
          1,
          1,
          1,
          1,
          null
        ]
      },
      "/home/sohaib/rails/Project/spec/models/item_spec.rb": {
        "lines": [
          null,
          null,
          1,
          1,
          1,
          null,
          1,
          4,
          4,
          4,
          null,
          1,
          2,
          null,
          2,
          null,
          null,
          1,
          2,
          null,
          null
        ]
      },
      "/home/sohaib/rails/Project/app/models/item.rb": {
        "lines": [
          null,
          null,
          1,
          1,
          1,
          1,
          null
        ]
      },
      "/home/sohaib/rails/Project/spec/models/plan_spec.rb": {
        "lines": [
          null,
          null,
          1,
          1,
          1,
          null,
          1,
          10,
          null,
          1,
          2,
          null,
          2,
          null,
          2,
          null,
          2,
          null,
          null,
          1,
          2,
          null,
          2,
          null,
          2,
          null,
          2,
          null,
          null,
          1,
          2,
          null,
          null
        ]
      },
      "/home/sohaib/rails/Project/app/models/plan.rb": {
        "lines": [
          null,
          null,
          1,
          1,
          1,
          1,
          1,
          1,
          1,
          1,
          null
        ]
      },
      "/home/sohaib/rails/Project/app/models/concerns/priceable.rb": {
        "lines": [
          null,
          null,
          1,
          1,
          1,
          1,
          null,
          null,
          1,
          22,
          null,
          null,
          22,
          null,
          null,
          null,
          null,
          null,
          22,
          22,
          null,
          null
        ]
      },
      "/home/sohaib/rails/Project/spec/models/subscription_spec.rb": {
        "lines": [
          null,
          null,
          1,
          1,
          1,
          null,
          1,
          null,
          1,
          9,
          9,
          9,
          9,
          null,
          1,
          2,
          null,
          2,
          null,
          null,
          1,
          2,
          null,
          2,
          null,
          null,
          1,
          2,
          2,
          null,
          1,
          1,
          1,
          null,
          null,
          1,
          1,
          1,
          1,
          null,
          null,
          null
        ]
      },
      "/home/sohaib/rails/Project/app/models/subscription.rb": {
        "lines": [
          null,
          null,
          1,
          1,
          1,
          1,
          1,
          1,
          null
        ]
      },
      "/home/sohaib/rails/Project/app/models/concerns/stripable.rb": {
        "lines": [
          null,
          null,
          1,
          1,
          1,
          1,
          1,
          null,
          null,
          1,
          7,
          7,
          7,
          7,
          null,
          null,
          1,
          2,
          2,
          2,
          2,
          null,
          null
        ]
      },
      "/home/sohaib/rails/Project/spec/models/transaction_spec.rb": {
        "lines": [
          null,
          null,
          1,
          1,
          1,
          null,
          1,
          5,
          null,
          5,
          null,
          1,
          2,
          null,
          2,
          null,
          2,
          null,
          null,
          1,
          2,
          null,
          null
        ]
      },
      "/home/sohaib/rails/Project/app/models/transaction.rb": {
        "lines": [
          null,
          null,
          1,
          1,
          1,
          1,
          null
        ]
      },
      "/home/sohaib/rails/Project/spec/models/usage_spec.rb": {
        "lines": [
          null,
          null,
          1,
          1,
          1,
          null,
          1,
          6,
          null,
          6,
          null,
          1,
          2,
          null,
          2,
          null,
          2,
          null,
          null,
          1,
          2,
          null,
          null,
          1,
          2,
          null,
          null
        ]
      },
      "/home/sohaib/rails/Project/app/models/usage.rb": {
        "lines": [
          null,
          null,
          1,
          1,
          1,
          1,
          1,
          1,
          null,
          1,
          null,
          1,
          48,
          null,
          null
        ]
      },
      "/home/sohaib/rails/Project/spec/models/user_spec.rb": {
        "lines": [
          null,
          null,
          1,
          1,
          1,
          null,
          1,
          7,
          null,
          1,
          2,
          null,
          2,
          null,
          2,
          null,
          2,
          null,
          null,
          1,
          2,
          null,
          null,
          1,
          2,
          null,
          null
        ]
      },
      "/home/sohaib/rails/Project/spec/requests/plans_spec.rb": {
        "lines": [
          null,
          null,
          1,
          1,
          1,
          null,
          1,
          4,
          3,
          null,
          1,
          1,
          1,
          1,
          null,
          null,
          1,
          1,
          1,
          1,
          null,
          null,
          null,
          1,
          1,
          2,
          2,
          2,
          null,
          null,
          1,
          1,
          1,
          null,
          null,
          1,
          1,
          1,
          null,
          null,
          null
        ]
      },
      "/home/sohaib/rails/Project/spec/requests/subscriptions_spec.rb": {
        "lines": [
          null,
          null,
          1,
          1,
          1,
          null,
          1,
          9,
          13,
          6,
          null,
          1,
          1,
          1,
          1,
          null,
          null,
          1,
          1,
          1,
          null,
          null,
          1,
          1,
          1,
          null,
          null,
          1,
          1,
          1,
          null,
          null,
          1,
          1,
          1,
          1,
          null,
          null,
          null,
          1,
          1,
          8,
          null,
          null,
          1,
          1,
          1,
          null,
          null,
          1,
          1,
          1,
          null,
          null,
          1,
          1,
          1,
          null,
          null,
          1,
          1,
          1,
          null,
          null,
          1,
          1,
          1,
          1,
          null,
          null,
          1,
          1,
          1,
          null,
          null,
          null,
          1,
          1,
          1,
          1,
          1,
          null,
          null,
          1,
          1,
          1,
          1,
          null,
          null,
          null,
          null
        ]
      },
      "/home/sohaib/rails/Project/app/services/stripe_subscription.rb": {
        "lines": [
          null,
          null,
          1,
          1,
          19,
          null,
          null,
          1,
          10,
          null,
          null,
          1,
          2,
          null,
          null,
          1,
          7,
          7,
          null,
          null
        ]
      },
      "/home/sohaib/rails/Project/app/controllers/plans_controller.rb": {
        "lines": [
          null,
          null,
          1,
          1,
          1,
          1,
          null,
          null,
          1,
          1,
          1,
          null,
          null
        ]
      },
      "/home/sohaib/rails/Project/app/policies/plan_policy.rb": {
        "lines": [
          null,
          null,
          1,
          1,
          1,
          1,
          null,
          null,
          null,
          1,
          1,
          null,
          null,
          1,
          1,
          null,
          null
        ]
      },
      "/home/sohaib/rails/Project/app/policies/application_policy.rb": {
        "lines": [
          null,
          null,
          1,
          1,
          null,
          1,
          12,
          12,
          null,
          null,
          1,
          0,
          null,
          null,
          1,
          0,
          null,
          null,
          1,
          0,
          null,
          null,
          1,
          0,
          null,
          null,
          1,
          0,
          null,
          null,
          1,
          0,
          null,
          null,
          1,
          0,
          null,
          null,
          1,
          0,
          null,
          null,
          1,
          0,
          null,
          null,
          1,
          0,
          null,
          null,
          1,
          1,
          2,
          2,
          null,
          null,
          1,
          0,
          null,
          null,
          1,
          null,
          1,
          null,
          null
        ]
      },
      "/home/sohaib/rails/Project/app/policies/feature_policy.rb": {
        "lines": [
          null,
          null,
          1,
          1,
          1,
          0,
          null,
          null,
          null,
          1,
          0,
          null,
          null,
          1,
          0,
          null,
          null
        ]
      },
      "/home/sohaib/rails/Project/app/controllers/subscriptions_controller.rb": {
        "lines": [
          null,
          null,
          1,
          1,
          1,
          1,
          null,
          null,
          1,
          2,
          1,
          1,
          null,
          1,
          null,
          null,
          1,
          1,
          1,
          1,
          null,
          null,
          1,
          2,
          2,
          2,
          1,
          null,
          1,
          null,
          null,
          null,
          1,
          2,
          1,
          1,
          1,
          null,
          1,
          null,
          null,
          1,
          null,
          1,
          2,
          null,
          null
        ]
      },
      "/home/sohaib/rails/Project/app/policies/subscription_policy.rb": {
        "lines": [
          null,
          null,
          1,
          1,
          null,
          1,
          1,
          null,
          null,
          null,
          1,
          1,
          null,
          null,
          1,
          1,
          null,
          null,
          1,
          3,
          null,
          null,
          1,
          1,
          null,
          null,
          1,
          0,
          null,
          null,
          1,
          0,
          null,
          null,
          1,
          1,
          null,
          null
        ]
      }
    },
    "timestamp": 1661379178
  }
}
